-------------------------------------------------------------------------------
Test set: TestSuite
-------------------------------------------------------------------------------
Tests run: 2, Failures: 1, Errors: 0, Skipped: 0, Time elapsed: 3.229 s <<< FAILURE! - in TestSuite
DataProviderTest.myTest[5, 7, 9](2)  Time elapsed: 0.013 s  <<< FAILURE!
java.lang.AssertionError: expected [12] but found [9]
	at DataProviderTest.myTest(DataProviderTest.java:16)

